#
# There is insufficient memory for the Java Runtime Environment to continue.
# Native memory allocation (mmap) failed to map 65536 bytes for Failed to commit metaspace.
# Possible reasons:
#   The system is out of physical RAM or swap space
#   The process is running with CompressedOops enabled, and the Java Heap may be blocking the growth of the native heap
# Possible solutions:
#   Reduce memory load on the system
#   Increase physical memory or swap space
#   Check if swap backing store is full
#   Decrease Java heap size (-Xmx/-Xms)
#   Decrease number of Java threads
#   Decrease Java thread stack sizes (-Xss)
#   Set larger code cache with -XX:ReservedCodeCacheSize=
#   JVM is running with Unscaled Compressed Oops mode in which the Java heap is
#     placed in the first 4GB address space. The Java Heap base address is the
#     maximum limit for the native heap growth. Please use -XX:HeapBaseMinAddress
#     to set the Java Heap base and to place the Java Heap above 4GB virtual address.
# This output file may be truncated or incomplete.
#
#  Out of Memory Error (virtualSpaceNode.cpp:110), pid=5928, tid=4644
#
# JRE version: OpenJDK Runtime Environment (19.0.2+7) (build 19.0.2+7-44)
# Java VM: OpenJDK 64-Bit Server VM (19.0.2+7-44, mixed mode, emulated-client, sharing, tiered, compressed oops, compressed class ptrs, g1 gc, windows-amd64)
# No core dump will be written. Minidumps are not enabled by default on client versions of Windows
#

---------------  S U M M A R Y ------------

Command Line: -XX:TieredStopAtLevel=1 -Xverify:none -Dspring.output.ansi.enabled=always -Dcom.sun.management.jmxremote -Dspring.jmx.enabled=true -Dspring.liveBeansView.mbeanDomain -Dspring.application.admin.enabled=true -javaagent:C:\Program Files\JetBrains\IntelliJ IDEA 2022.1.3\lib\idea_rt.jar=51016:C:\Program Files\JetBrains\IntelliJ IDEA 2022.1.3\bin -Dfile.encoding=UTF-8 com.spring_boot_thymeleaf.SpringBootThymeleafApplication

Host: Intel(R) Celeron(R) N4000 CPU @ 1.10GHz, 2 cores, 3G,  Windows 10 , 64 bit Build 19041 (10.0.19041.1706)
Time: Fri May 19 19:13:16 2023 India Standard Time elapsed time: 1.358039 seconds (0d 0h 0m 1s)

---------------  T H R E A D  ---------------

Current thread (0x000002bfea0bf390):  JavaThread "main" [_thread_in_vm, id=4644, stack(0x000000e697100000,0x000000e697200000)]

Stack: [0x000000e697100000,0x000000e697200000]
Native frames: (J=compiled Java code, j=interpreted, Vv=VM code, C=native code)
V  [jvm.dll+0x6ee21a]
V  [jvm.dll+0x85765e]
V  [jvm.dll+0x85904e]
V  [jvm.dll+0x859703]
V  [jvm.dll+0x28298f]
V  [jvm.dll+0x8532db]
V  [jvm.dll+0x692cb6]
V  [jvm.dll+0x692d1a]
V  [jvm.dll+0x695613]
V  [jvm.dll+0x6954de]
V  [jvm.dll+0x6936de]
V  [jvm.dll+0x69dd07]
V  [jvm.dll+0x21e072]
V  [jvm.dll+0x21e5a5]
V  [jvm.dll+0x21ef01]
V  [jvm.dll+0x2146a1]
V  [jvm.dll+0x5a9cb6]
V  [jvm.dll+0x2257aa]
V  [jvm.dll+0x7cc802]
V  [jvm.dll+0x7cdc4a]
V  [jvm.dll+0x7cdf78]
V  [jvm.dll+0x271e1b]
V  [jvm.dll+0x27203f]
V  [jvm.dll+0x5cb4e8]
V  [jvm.dll+0x5ce447]
V  [jvm.dll+0x3ddda7]
V  [jvm.dll+0x3dd3ff]
C  0x000002bff203aa94

Java frames: (J=compiled Java code, j=interpreted, Vv=VM code)
j  sun.reflect.generics.parser.SignatureParser.parseClassSignature()Lsun/reflect/generics/tree/ClassSignature;+33 java.base@19.0.2
j  sun.reflect.generics.parser.SignatureParser.parseClassSig(Ljava/lang/String;)Lsun/reflect/generics/tree/ClassSignature;+6 java.base@19.0.2
j  sun.reflect.generics.repository.ClassRepository.parse(Ljava/lang/String;)Lsun/reflect/generics/tree/ClassSignature;+4 java.base@19.0.2
j  sun.reflect.generics.repository.ClassRepository.parse(Ljava/lang/String;)Lsun/reflect/generics/tree/Tree;+2 java.base@19.0.2
j  sun.reflect.generics.repository.AbstractRepository.<init>(Ljava/lang/String;Lsun/reflect/generics/factory/GenericsFactory;)V+7 java.base@19.0.2
j  sun.reflect.generics.repository.GenericDeclRepository.<init>(Ljava/lang/String;Lsun/reflect/generics/factory/GenericsFactory;)V+3 java.base@19.0.2
j  sun.reflect.generics.repository.ClassRepository.<init>(Ljava/lang/String;Lsun/reflect/generics/factory/GenericsFactory;)V+3 java.base@19.0.2
j  sun.reflect.generics.repository.ClassRepository.make(Ljava/lang/String;Lsun/reflect/generics/factory/GenericsFactory;)Lsun/reflect/generics/repository/ClassRepository;+6 java.base@19.0.2
j  sun.reflect.generics.repository.ClassRepository.<clinit>()V+3 java.base@19.0.2
v  ~StubRoutines::call_stub 0x000002bff2011016
j  java.lang.Class.getGenericInfo()Lsun/reflect/generics/repository/ClassRepository;+30 java.base@19.0.2
j  java.lang.Class.getTypeParameters()[Ljava/lang/reflect/TypeVariable;+1 java.base@19.0.2
j  sun.reflect.generics.reflectiveObjects.ParameterizedTypeImpl.validateConstructorArguments()V+4 java.base@19.0.2
j  sun.reflect.generics.reflectiveObjects.ParameterizedTypeImpl.<init>(Ljava/lang/Class;[Ljava/lang/reflect/Type;Ljava/lang/reflect/Type;)V+31 java.base@19.0.2
j  sun.reflect.generics.reflectiveObjects.ParameterizedTypeImpl.make(Ljava/lang/Class;[Ljava/lang/reflect/Type;Ljava/lang/reflect/Type;)Lsun/reflect/generics/reflectiveObjects/ParameterizedTypeImpl;+7 java.base@19.0.2
j  sun.reflect.generics.factory.CoreReflectionFactory.makeParameterizedType(Ljava/lang/reflect/Type;[Ljava/lang/reflect/Type;Ljava/lang/reflect/Type;)Ljava/lang/reflect/ParameterizedType;+6 java.base@19.0.2
j  sun.reflect.generics.visitor.Reifier.visitClassTypeSignature(Lsun/reflect/generics/tree/ClassTypeSignature;)V+264 java.base@19.0.2
j  sun.reflect.generics.tree.ClassTypeSignature.accept(Lsun/reflect/generics/visitor/TypeTreeVisitor;)V+2 java.base@19.0.2
j  sun.reflect.generics.repository.MethodRepository.computeReturnType()Ljava/lang/reflect/Type;+16 java.base@19.0.2
j  sun.reflect.generics.repository.MethodRepository.getReturnType()Ljava/lang/reflect/Type;+10 java.base@19.0.2
j  java.lang.reflect.Method.getGenericReturnType()Ljava/lang/reflect/Type;+11 java.base@19.0.2
j  com.sun.jmx.mbeanserver.ConvertingMethod.<init>(Ljava/lang/reflect/Method;)V+16 java.management@19.0.2
j  com.sun.jmx.mbeanserver.ConvertingMethod.from(Ljava/lang/reflect/Method;)Lcom/sun/jmx/mbeanserver/ConvertingMethod;+5 java.management@19.0.2
j  com.sun.jmx.mbeanserver.MXBeanIntrospector.mFrom(Ljava/lang/reflect/Method;)Lcom/sun/jmx/mbeanserver/ConvertingMethod;+1 java.management@19.0.2
j  com.sun.jmx.mbeanserver.MXBeanIntrospector.mFrom(Ljava/lang/reflect/Method;)Ljava/lang/Object;+2 java.management@19.0.2
j  com.sun.jmx.mbeanserver.MBeanAnalyzer.initMaps(Ljava/lang/Class;Lcom/sun/jmx/mbeanserver/MBeanIntrospector;)V+61 java.management@19.0.2
j  com.sun.jmx.mbeanserver.MBeanAnalyzer.<init>(Ljava/lang/Class;Lcom/sun/jmx/mbeanserver/MBeanIntrospector;)V+78 java.management@19.0.2
j  com.sun.jmx.mbeanserver.MBeanAnalyzer.analyzer(Ljava/lang/Class;Lcom/sun/jmx/mbeanserver/MBeanIntrospector;)Lcom/sun/jmx/mbeanserver/MBeanAnalyzer;+6 java.management@19.0.2
j  com.sun.jmx.mbeanserver.MXBeanIntrospector.getAnalyzer(Ljava/lang/Class;)Lcom/sun/jmx/mbeanserver/MBeanAnalyzer;+2 java.management@19.0.2
j  com.sun.jmx.mbeanserver.MBeanIntrospector.getPerInterface(Ljava/lang/Class;)Lcom/sun/jmx/mbeanserver/PerInterface;+45 java.management@19.0.2
j  com.sun.jmx.mbeanserver.MBeanSupport.<init>(Ljava/lang/Object;Ljava/lang/Class;)V+69 java.management@19.0.2
j  com.sun.jmx.mbeanserver.MXBeanSupport.<init>(Ljava/lang/Object;Ljava/lang/Class;)V+3 java.management@19.0.2
j  javax.management.StandardMBean.construct(Ljava/lang/Object;Ljava/lang/Class;ZZ)V+56 java.management@19.0.2
j  javax.management.StandardMBean.<init>(Ljava/lang/Object;Ljava/lang/Class;Z)V+9 java.management@19.0.2
j  java.lang.management.ManagementFactory.lambda$addMXBean$7(Ljava/lang/Object;Ljavax/management/MBeanServer;Ljavax/management/ObjectName;)Ljava/lang/Void;+53 java.management@19.0.2
j  java.lang.management.ManagementFactory$$Lambda$22+0x0000000801062708.run()Ljava/lang/Object;+12 java.management@19.0.2
j  java.security.AccessController.executePrivileged(Ljava/security/PrivilegedExceptionAction;Ljava/security/AccessControlContext;Ljava/lang/Class;)Ljava/lang/Object;+29 java.base@19.0.2
j  java.security.AccessController.doPrivileged(Ljava/security/PrivilegedExceptionAction;)Ljava/lang/Object;+9 java.base@19.0.2
j  java.lang.management.ManagementFactory.addMXBean(Ljavax/management/MBeanServer;Ljava/lang/String;Ljava/lang/Object;)V+13 java.management@19.0.2
j  java.lang.management.ManagementFactory.lambda$getPlatformMBeanServer$1(Ljava/util/Map$Entry;)V+18 java.management@19.0.2
j  java.lang.management.ManagementFactory$$Lambda$21+0x0000000801061d40.accept(Ljava/lang/Object;)V+4 java.management@19.0.2
j  java.util.stream.ForEachOps$ForEachOp$OfRef.accept(Ljava/lang/Object;)V+5 java.base@19.0.2
j  java.util.Collections$2.tryAdvance(Ljava/util/function/Consumer;)Z+29 java.base@19.0.2
j  java.util.Collections$2.forEachRemaining(Ljava/util/function/Consumer;)V+2 java.base@19.0.2
j  java.util.stream.ReferencePipeline$Head.forEach(Ljava/util/function/Consumer;)V+12 java.base@19.0.2
j  java.util.stream.ReferencePipeline$7$1.accept(Ljava/lang/Object;)V+41 java.base@19.0.2
j  java.util.stream.ReferencePipeline$2$1.accept(Ljava/lang/Object;)V+21 java.base@19.0.2
j  java.util.HashMap$ValueSpliterator.forEachRemaining(Ljava/util/function/Consumer;)V+145 java.base@19.0.2
j  java.util.stream.AbstractPipeline.copyInto(Ljava/util/stream/Sink;Ljava/util/Spliterator;)V+32 java.base@19.0.2
j  java.util.stream.AbstractPipeline.wrapAndCopyInto(Ljava/util/stream/Sink;Ljava/util/Spliterator;)Ljava/util/stream/Sink;+13 java.base@19.0.2
j  java.util.stream.ForEachOps$ForEachOp.evaluateSequential(Ljava/util/stream/PipelineHelper;Ljava/util/Spliterator;)Ljava/lang/Void;+3 java.base@19.0.2
j  java.util.stream.ForEachOps$ForEachOp$OfRef.evaluateSequential(Ljava/util/stream/PipelineHelper;Ljava/util/Spliterator;)Ljava/lang/Object;+3 java.base@19.0.2
j  java.util.stream.AbstractPipeline.evaluate(Ljava/util/stream/TerminalOp;)Ljava/lang/Object;+88 java.base@19.0.2
j  java.util.stream.ReferencePipeline.forEach(Ljava/util/function/Consumer;)V+6 java.base@19.0.2
j  java.lang.management.ManagementFactory.getPlatformMBeanServer()Ljavax/management/MBeanServer;+68 java.management@19.0.2
j  sun.management.jmxremote.ConnectorBootstrap.startLocalConnectorServer()Ljavax/management/remote/JMXConnectorServer;+88 jdk.management.agent@19.0.2
j  jdk.internal.agent.Agent.startLocalManagementAgent()V+13 jdk.management.agent@19.0.2
j  jdk.internal.agent.Agent.startAgent(Ljava/util/Properties;)V+58 jdk.management.agent@19.0.2
j  jdk.internal.agent.Agent.startAgent()V+20 jdk.management.agent@19.0.2
v  ~StubRoutines::call_stub 0x000002bff2011016

---------------  P R O C E S S  ---------------

Threads class SMR info:
_java_thread_list=0x000002bffd563f30, length=12, elements={
0x000002bfea0bf390, 0x000002bff92bae70, 0x000002bff92bb9a0, 0x000002bff92be2e0,
0x000002bff92bec10, 0x000002bff92bf540, 0x000002bff92c1e80, 0x000002bff92c27b0,
0x000002bff92f1af0, 0x000002bffd5285a0, 0x000002bffd8817a0, 0x000002bffd883fd0
}

Java Threads: ( => current thread )
=>0x000002bfea0bf390 JavaThread "main" [_thread_in_vm, id=4644, stack(0x000000e697100000,0x000000e697200000)]
  0x000002bff92bae70 JavaThread "Reference Handler" daemon [_thread_blocked, id=9432, stack(0x000000e697800000,0x000000e697900000)]
  0x000002bff92bb9a0 JavaThread "Finalizer" daemon [_thread_blocked, id=3264, stack(0x000000e697900000,0x000000e697a00000)]
  0x000002bff92be2e0 JavaThread "Signal Dispatcher" daemon [_thread_blocked, id=9548, stack(0x000000e697a00000,0x000000e697b00000)]
  0x000002bff92bec10 JavaThread "Attach Listener" daemon [_thread_blocked, id=3544, stack(0x000000e697b00000,0x000000e697c00000)]
  0x000002bff92bf540 JavaThread "Service Thread" daemon [_thread_blocked, id=9160, stack(0x000000e697c00000,0x000000e697d00000)]
  0x000002bff92c1e80 JavaThread "Monitor Deflation Thread" daemon [_thread_blocked, id=1636, stack(0x000000e697d00000,0x000000e697e00000)]
  0x000002bff92c27b0 JavaThread "C1 CompilerThread0" daemon [_thread_blocked, id=7508, stack(0x000000e697e00000,0x000000e697f00000)]
  0x000002bff92f1af0 JavaThread "Sweeper thread" daemon [_thread_blocked, id=10168, stack(0x000000e697f00000,0x000000e698000000)]
  0x000002bffd5285a0 JavaThread "Common-Cleaner" daemon [_thread_blocked, id=11868, stack(0x000000e698000000,0x000000e698100000)]
  0x000002bffd8817a0 JavaThread "Monitor Ctrl-Break" daemon [_thread_in_native, id=1676, stack(0x000000e698100000,0x000000e698200000)]
  0x000002bffd883fd0 JavaThread "Notification Thread" daemon [_thread_blocked, id=2008, stack(0x000000e698200000,0x000000e698300000)]

Other Threads:
  0x000002bfea172320 VMThread "VM Thread" [stack: 0x000000e697700000,0x000000e697800000] [id=9392]
  0x000002bfea0ff3c0 WorkerThread "GC Thread#0" [stack: 0x000000e697200000,0x000000e697300000] [id=9084]
  0x000002bfea107d20 ConcurrentGCThread "G1 Main Marker" [stack: 0x000000e697300000,0x000000e697400000] [id=10864]
  0x000002bfea108750 WorkerThread "G1 Conc#0" [stack: 0x000000e697400000,0x000000e697500000] [id=4620]
  0x000002bfea14fc00 ConcurrentGCThread "G1 Refine#0" [stack: 0x000000e697500000,0x000000e697600000] [id=6788]
  0x000002bfea1515f0 ConcurrentGCThread "G1 Service" [stack: 0x000000e697600000,0x000000e697700000] [id=6772]

Threads with active compile tasks:

VM state: not at safepoint (normal execution)

VM Mutex/Monitor currently owned by a thread:  ([mutex/lock_event])
[0x000002bfea0b9050] Metaspace_lock - owner thread: 0x000002bfea0bf390

Heap address: 0x00000000c3000000, size: 976 MB, Compressed Oops mode: 32-bit

CDS archive(s) mapped at: [0x0000000800000000-0x0000000800c40000-0x0000000800c40000), size 12845056, SharedBaseAddress: 0x0000000800000000, ArchiveRelocationMode: 0.
Compressed class space mapped at: 0x0000000801000000-0x0000000841000000, reserved size: 1073741824
Narrow klass base: 0x0000000800000000, Narrow klass shift: 0, Narrow klass range: 0x100000000

GC Precious Log:
 CardTable entry size: 512
 Card Set container configuration: InlinePtr #cards 5 size 8 Array Of Cards #cards 12 size 40 Howl #buckets 4 coarsen threshold 1843 Howl Bitmap #cards 512 size 80 coarsen threshold 460 Card regions per heap region 1 cards per card region 2048
 CPUs: 2 total, 2 available
 Memory: 3902M
 Large Page Support: Disabled
 NUMA Support: Disabled
 Compressed Oops: Enabled (32-bit)
 Heap Region Size: 1M
 Heap Min Capacity: 8M
 Heap Initial Capacity: 62M
 Heap Max Capacity: 976M
 Pre-touch: Disabled
 Parallel Workers: 2
 Concurrent Workers: 1
 Concurrent Refinement Workers: 2
 Periodic GC: Disabled

Heap:
 garbage-first heap   total 63488K, used 5120K [0x00000000c3000000, 0x0000000100000000)
  region size 1024K, 6 young (6144K), 0 survivors (0K)
 Metaspace       used 1816K, committed 1920K, reserved 1114112K
  class space    used 188K, committed 256K, reserved 1048576K

Heap Regions: E=young(eden), S=young(survivor), O=old, HS=humongous(starts), HC=humongous(continues), CS=collection set, F=free, OA=open archive, CA=closed archive, TAMS=top-at-mark-start (previous, next)
|   0|0x00000000c3000000, 0x00000000c3100000, 0x00000000c3100000|100%|HS|  |TAMS 0x00000000c3000000, 0x00000000c3000000| Complete 
|   1|0x00000000c3100000, 0x00000000c3100000, 0x00000000c3200000|  0%| F|  |TAMS 0x00000000c3100000, 0x00000000c3100000| Untracked 
|   2|0x00000000c3200000, 0x00000000c3200000, 0x00000000c3300000|  0%| F|  |TAMS 0x00000000c3200000, 0x00000000c3200000| Untracked 
|   3|0x00000000c3300000, 0x00000000c3300000, 0x00000000c3400000|  0%| F|  |TAMS 0x00000000c3300000, 0x00000000c3300000| Untracked 
|   4|0x00000000c3400000, 0x00000000c3400000, 0x00000000c3500000|  0%| F|  |TAMS 0x00000000c3400000, 0x00000000c3400000| Untracked 
|   5|0x00000000c3500000, 0x00000000c3500000, 0x00000000c3600000|  0%| F|  |TAMS 0x00000000c3500000, 0x00000000c3500000| Untracked 
|   6|0x00000000c3600000, 0x00000000c3600000, 0x00000000c3700000|  0%| F|  |TAMS 0x00000000c3600000, 0x00000000c3600000| Untracked 
|   7|0x00000000c3700000, 0x00000000c3700000, 0x00000000c3800000|  0%| F|  |TAMS 0x00000000c3700000, 0x00000000c3700000| Untracked 
|   8|0x00000000c3800000, 0x00000000c3800000, 0x00000000c3900000|  0%| F|  |TAMS 0x00000000c3800000, 0x00000000c3800000| Untracked 
|   9|0x00000000c3900000, 0x00000000c3900000, 0x00000000c3a00000|  0%| F|  |TAMS 0x00000000c3900000, 0x00000000c3900000| Untracked 
|  10|0x00000000c3a00000, 0x00000000c3a00000, 0x00000000c3b00000|  0%| F|  |TAMS 0x00000000c3a00000, 0x00000000c3a00000| Untracked 
|  11|0x00000000c3b00000, 0x00000000c3b00000, 0x00000000c3c00000|  0%| F|  |TAMS 0x00000000c3b00000, 0x00000000c3b00000| Untracked 
|  12|0x00000000c3c00000, 0x00000000c3c00000, 0x00000000c3d00000|  0%| F|  |TAMS 0x00000000c3c00000, 0x00000000c3c00000| Untracked 
|  13|0x00000000c3d00000, 0x00000000c3d00000, 0x00000000c3e00000|  0%| F|  |TAMS 0x00000000c3d00000, 0x00000000c3d00000| Untracked 
|  14|0x00000000c3e00000, 0x00000000c3e00000, 0x00000000c3f00000|  0%| F|  |TAMS 0x00000000c3e00000, 0x00000000c3e00000| Untracked 
|  15|0x00000000c3f00000, 0x00000000c3f00000, 0x00000000c4000000|  0%| F|  |TAMS 0x00000000c3f00000, 0x00000000c3f00000| Untracked 
|  16|0x00000000c4000000, 0x00000000c4000000, 0x00000000c4100000|  0%| F|  |TAMS 0x00000000c4000000, 0x00000000c4000000| Untracked 
|  17|0x00000000c4100000, 0x00000000c4100000, 0x00000000c4200000|  0%| F|  |TAMS 0x00000000c4100000, 0x00000000c4100000| Untracked 
|  18|0x00000000c4200000, 0x00000000c4200000, 0x00000000c4300000|  0%| F|  |TAMS 0x00000000c4200000, 0x00000000c4200000| Untracked 
|  19|0x00000000c4300000, 0x00000000c4300000, 0x00000000c4400000|  0%| F|  |TAMS 0x00000000c4300000, 0x00000000c4300000| Untracked 
|  20|0x00000000c4400000, 0x00000000c4400000, 0x00000000c4500000|  0%| F|  |TAMS 0x00000000c4400000, 0x00000000c4400000| Untracked 
|  21|0x00000000c4500000, 0x00000000c4500000, 0x00000000c4600000|  0%| F|  |TAMS 0x00000000c4500000, 0x00000000c4500000| Untracked 
|  22|0x00000000c4600000, 0x00000000c4600000, 0x00000000c4700000|  0%| F|  |TAMS 0x00000000c4600000, 0x00000000c4600000| Untracked 
|  23|0x00000000c4700000, 0x00000000c4700000, 0x00000000c4800000|  0%| F|  |TAMS 0x00000000c4700000, 0x00000000c4700000| Untracked 
|  24|0x00000000c4800000, 0x00000000c4800000, 0x00000000c4900000|  0%| F|  |TAMS 0x00000000c4800000, 0x00000000c4800000| Untracked 
|  25|0x00000000c4900000, 0x00000000c4900000, 0x00000000c4a00000|  0%| F|  |TAMS 0x00000000c4900000, 0x00000000c4900000| Untracked 
|  26|0x00000000c4a00000, 0x00000000c4a00000, 0x00000000c4b00000|  0%| F|  |TAMS 0x00000000c4a00000, 0x00000000c4a00000| Untracked 
|  27|0x00000000c4b00000, 0x00000000c4b00000, 0x00000000c4c00000|  0%| F|  |TAMS 0x00000000c4b00000, 0x00000000c4b00000| Untracked 
|  28|0x00000000c4c00000, 0x00000000c4c00000, 0x00000000c4d00000|  0%| F|  |TAMS 0x00000000c4c00000, 0x00000000c4c00000| Untracked 
|  29|0x00000000c4d00000, 0x00000000c4d00000, 0x00000000c4e00000|  0%| F|  |TAMS 0x00000000c4d00000, 0x00000000c4d00000| Untracked 
|  30|0x00000000c4e00000, 0x00000000c4e00000, 0x00000000c4f00000|  0%| F|  |TAMS 0x00000000c4e00000, 0x00000000c4e00000| Untracked 
|  31|0x00000000c4f00000, 0x00000000c4f00000, 0x00000000c5000000|  0%| F|  |TAMS 0x00000000c4f00000, 0x00000000c4f00000| Untracked 
|  32|0x00000000c5000000, 0x00000000c5000000, 0x00000000c5100000|  0%| F|  |TAMS 0x00000000c5000000, 0x00000000c5000000| Untracked 
|  33|0x00000000c5100000, 0x00000000c5100000, 0x00000000c5200000|  0%| F|  |TAMS 0x00000000c5100000, 0x00000000c5100000| Untracked 
|  34|0x00000000c5200000, 0x00000000c5200000, 0x00000000c5300000|  0%| F|  |TAMS 0x00000000c5200000, 0x00000000c5200000| Untracked 
|  35|0x00000000c5300000, 0x00000000c5300000, 0x00000000c5400000|  0%| F|  |TAMS 0x00000000c5300000, 0x00000000c5300000| Untracked 
|  36|0x00000000c5400000, 0x00000000c5400000, 0x00000000c5500000|  0%| F|  |TAMS 0x00000000c5400000, 0x00000000c5400000| Untracked 
|  37|0x00000000c5500000, 0x00000000c5500000, 0x00000000c5600000|  0%| F|  |TAMS 0x00000000c5500000, 0x00000000c5500000| Untracked 
|  38|0x00000000c5600000, 0x00000000c5600000, 0x00000000c5700000|  0%| F|  |TAMS 0x00000000c5600000, 0x00000000c5600000| Untracked 
|  39|0x00000000c5700000, 0x00000000c5700000, 0x00000000c5800000|  0%| F|  |TAMS 0x00000000c5700000, 0x00000000c5700000| Untracked 
|  40|0x00000000c5800000, 0x00000000c5800000, 0x00000000c5900000|  0%| F|  |TAMS 0x00000000c5800000, 0x00000000c5800000| Untracked 
|  41|0x00000000c5900000, 0x00000000c5900000, 0x00000000c5a00000|  0%| F|  |TAMS 0x00000000c5900000, 0x00000000c5900000| Untracked 
|  42|0x00000000c5a00000, 0x00000000c5a00000, 0x00000000c5b00000|  0%| F|  |TAMS 0x00000000c5a00000, 0x00000000c5a00000| Untracked 
|  43|0x00000000c5b00000, 0x00000000c5b00000, 0x00000000c5c00000|  0%| F|  |TAMS 0x00000000c5b00000, 0x00000000c5b00000| Untracked 
|  44|0x00000000c5c00000, 0x00000000c5c00000, 0x00000000c5d00000|  0%| F|  |TAMS 0x00000000c5c00000, 0x00000000c5c00000| Untracked 
|  45|0x00000000c5d00000, 0x00000000c5d00000, 0x00000000c5e00000|  0%| F|  |TAMS 0x00000000c5d00000, 0x00000000c5d00000| Untracked 
|  46|0x00000000c5e00000, 0x00000000c5e00000, 0x00000000c5f00000|  0%| F|  |TAMS 0x00000000c5e00000, 0x00000000c5e00000| Untracked 
|  47|0x00000000c5f00000, 0x00000000c5f00000, 0x00000000c6000000|  0%| F|  |TAMS 0x00000000c5f00000, 0x00000000c5f00000| Untracked 
|  48|0x00000000c6000000, 0x00000000c6000000, 0x00000000c6100000|  0%| F|  |TAMS 0x00000000c6000000, 0x00000000c6000000| Untracked 
|  49|0x00000000c6100000, 0x00000000c6100000, 0x00000000c6200000|  0%| F|  |TAMS 0x00000000c6100000, 0x00000000c6100000| Untracked 
|  50|0x00000000c6200000, 0x00000000c6200000, 0x00000000c6300000|  0%| F|  |TAMS 0x00000000c6200000, 0x00000000c6200000| Untracked 
|  51|0x00000000c6300000, 0x00000000c6300000, 0x00000000c6400000|  0%| F|  |TAMS 0x00000000c6300000, 0x00000000c6300000| Untracked 
|  52|0x00000000c6400000, 0x00000000c6400000, 0x00000000c6500000|  0%| F|  |TAMS 0x00000000c6400000, 0x00000000c6400000| Untracked 
|  53|0x00000000c6500000, 0x00000000c6500000, 0x00000000c6600000|  0%| F|  |TAMS 0x00000000c6500000, 0x00000000c6500000| Untracked 
|  54|0x00000000c6600000, 0x00000000c6600000, 0x00000000c6700000|  0%| F|  |TAMS 0x00000000c6600000, 0x00000000c6600000| Untracked 
|  55|0x00000000c6700000, 0x00000000c6700000, 0x00000000c6800000|  0%| F|  |TAMS 0x00000000c6700000, 0x00000000c6700000| Untracked 
|  56|0x00000000c6800000, 0x00000000c6900000, 0x00000000c6900000|100%| E|  |TAMS 0x00000000c6800000, 0x00000000c6800000| Complete 
|  57|0x00000000c6900000, 0x00000000c6a00000, 0x00000000c6a00000|100%| E|  |TAMS 0x00000000c6900000, 0x00000000c6900000| Complete 
|  58|0x00000000c6a00000, 0x00000000c6b00000, 0x00000000c6b00000|100%| E|CS|TAMS 0x00000000c6a00000, 0x00000000c6a00000| Complete 
|  59|0x00000000c6b00000, 0x00000000c6c00000, 0x00000000c6c00000|100%| E|CS|TAMS 0x00000000c6b00000, 0x00000000c6b00000| Complete 
|  60|0x00000000c6c00000, 0x00000000c6d00000, 0x00000000c6d00000|100%| E|CS|TAMS 0x00000000c6c00000, 0x00000000c6c00000| Complete 
|  61|0x00000000c6d00000, 0x00000000c6e00000, 0x00000000c6e00000|100%| E|CS|TAMS 0x00000000c6d00000, 0x00000000c6d00000| Complete 

Card table byte_map: [0x000002bfe9d10000,0x000002bfe9f00000] _byte_map_base: 0x000002bfe96f8000

Marking Bits (Prev, Next): (CMBitMap*) 0x000002bfea0ff9f0, (CMBitMap*) 0x000002bfea0ffa30
 Prev Bits: [0x000002bff5200000, 0x000002bff6140000)
 Next Bits: [0x000002bff6140000, 0x000002bff7080000)

Polling page: 0x000002bfe9880000

Metaspace:

Usage:
  Non-class:      1.59 MB used.
      Class:    188.31 KB used.
       Both:      1.77 MB used.

Virtual space:
  Non-class space:       64.00 MB reserved,       1.62 MB (  3%) committed,  1 nodes.
      Class space:        1.00 GB reserved,     256.00 KB ( <1%) committed,  1 nodes.
             Both:        1.06 GB reserved,       1.88 MB ( <1%) committed. 

Chunk freelists:
   Non-Class:  3.96 MB
       Class:  3.73 MB
        Both:  7.70 MB

MaxMetaspaceSize: unlimited
CompressedClassSpaceSize: 1.00 GB
Initial GC threshold: 21.00 MB
Current GC threshold: 21.00 MB
CDS: on
MetaspaceReclaimPolicy: balanced
 - commit_granule_bytes: 65536.
 - commit_granule_words: 8192.
 - virtual_space_node_default_size: 8388608.
 - enlarge_chunks_in_place: 1.
 - new_chunks_are_fully_committed: 0.
 - uncommit_free_chunks: 1.
 - use_allocation_guard: 0.


Internal statistics:

num_allocs_failed_limit: 0.
num_arena_births: 32.
num_arena_deaths: 0.
num_vsnodes_births: 2.
num_vsnodes_deaths: 0.
num_space_committed: 30.
num_space_uncommitted: 0.
num_chunks_returned_to_freelist: 0.
num_chunks_taken_from_freelist: 36.
num_chunk_merges: 0.
num_chunk_splits: 24.
num_chunks_enlarged: 14.
num_inconsistent_stats: 0.

CodeCache: size=49152Kb used=1714Kb max_used=1714Kb free=47437Kb
 bounds [0x000002bff2010000, 0x000002bff2280000, 0x000002bff5010000]
 total_blobs=821 nmethods=406 adapters=342
 compilation: enabled
              stopped_count=0, restarted_count=0
 full_count=0

Compilation events (20 events):
Event: 1.303 Thread 0x000002bff92c27b0  397       1       java.util.HashSet::contains (9 bytes)
Event: 1.303 Thread 0x000002bff92c27b0 nmethod 397 0x000002bff21b9790 code [0x000002bff21b9940, 0x000002bff21b9a48]
Event: 1.314 Thread 0x000002bff92c27b0  398       1       java.lang.invoke.MethodTypeForm::basicType (5 bytes)
Event: 1.314 Thread 0x000002bff92c27b0 nmethod 398 0x000002bff21b9e10 code [0x000002bff21b9fa0, 0x000002bff21ba058]
Event: 1.315 Thread 0x000002bff92c27b0  399   !   1       java.lang.ref.ReferenceQueue::poll (40 bytes)
Event: 1.316 Thread 0x000002bff92c27b0 nmethod 399 0x000002bff21ba410 code [0x000002bff21ba620, 0x000002bff21ba998]
Event: 1.316 Thread 0x000002bff92c27b0  400       1       java.util.WeakHashMap::indexFor (6 bytes)
Event: 1.316 Thread 0x000002bff92c27b0 nmethod 400 0x000002bff21bac90 code [0x000002bff21bae20, 0x000002bff21baed8]
Event: 1.317 Thread 0x000002bff92c27b0  401       1       java.util.WeakHashMap::getTable (9 bytes)
Event: 1.318 Thread 0x000002bff92c27b0 nmethod 401 0x000002bff21baf90 code [0x000002bff21bb120, 0x000002bff21bb208]
Event: 1.318 Thread 0x000002bff92c27b0  402   !   1       java.util.WeakHashMap::expungeStaleEntries (139 bytes)
Event: 1.318 Thread 0x000002bff92c27b0 nmethod 402 0x000002bff21bb290 code [0x000002bff21bb460, 0x000002bff21bb888]
Event: 1.318 Thread 0x000002bff92c27b0  403       1       java.util.WeakHashMap::maskNull (12 bytes)
Event: 1.318 Thread 0x000002bff92c27b0 nmethod 403 0x000002bff21bbc10 code [0x000002bff21bbda0, 0x000002bff21bbe58]
Event: 1.318 Thread 0x000002bff92c27b0  404       1       java.util.WeakHashMap::hash (28 bytes)
Event: 1.319 Thread 0x000002bff92c27b0 nmethod 404 0x000002bff21bbf10 code [0x000002bff21bc0c0, 0x000002bff21bc1c8]
Event: 1.319 Thread 0x000002bff92c27b0  405       1       java.util.ArrayList::add (25 bytes)
Event: 1.319 Thread 0x000002bff92c27b0 nmethod 405 0x000002bff21bc290 code [0x000002bff21bc440, 0x000002bff21bc668]
Event: 1.319 Thread 0x000002bff92c27b0  406       1       java.lang.invoke.LambdaForm::forceInterpretation (14 bytes)
Event: 1.319 Thread 0x000002bff92c27b0 nmethod 406 0x000002bff21bc790 code [0x000002bff21bc920, 0x000002bff21bc9f8]

GC Heap History (0 events):
No events

Dll operation events (12 events):
Event: 0.096 Loaded shared library C:\Users\Owner\.jdks\openjdk-19.0.2\bin\java.dll
Event: 0.133 Loaded shared library C:\Users\Owner\.jdks\openjdk-19.0.2\bin\jsvml.dll
Event: 0.544 Loaded shared library C:\Users\Owner\.jdks\openjdk-19.0.2\bin\zip.dll
Event: 0.550 Loaded shared library C:\Users\Owner\.jdks\openjdk-19.0.2\bin\instrument.dll
Event: 0.577 Loaded shared library C:\Users\Owner\.jdks\openjdk-19.0.2\bin\net.dll
Event: 0.580 Loaded shared library C:\Users\Owner\.jdks\openjdk-19.0.2\bin\nio.dll
Event: 0.613 Loaded shared library C:\Users\Owner\.jdks\openjdk-19.0.2\bin\zip.dll
Event: 0.932 Loaded shared library C:\Program Files\JetBrains\IntelliJ IDEA 2022.1.3\bin\breakgen64.dll
Event: 0.953 Loaded shared library C:\Users\Owner\.jdks\openjdk-19.0.2\bin\jimage.dll
Event: 1.021 Loaded shared library C:\Users\Owner\.jdks\openjdk-19.0.2\bin\extnet.dll
Event: 1.156 Loaded shared library C:\Users\Owner\.jdks\openjdk-19.0.2\bin\management.dll
Event: 1.252 Loaded shared library C:\Users\Owner\.jdks\openjdk-19.0.2\bin\management_ext.dll

Deoptimization events (0 events):
No events

Classes loaded (20 events):
Event: 1.322 Loading class sun/reflect/generics/tree/SimpleClassTypeSignature done
Event: 1.322 Loading class sun/reflect/generics/tree/ClassTypeSignature
Event: 1.322 Loading class sun/reflect/generics/tree/ClassTypeSignature done
Event: 1.322 Loading class sun/reflect/generics/tree/MethodTypeSignature
Event: 1.322 Loading class sun/reflect/generics/tree/Signature
Event: 1.322 Loading class sun/reflect/generics/tree/Signature done
Event: 1.322 Loading class sun/reflect/generics/tree/MethodTypeSignature done
Event: 1.322 Loading class sun/reflect/generics/visitor/Reifier
Event: 1.322 Loading class sun/reflect/generics/visitor/TypeTreeVisitor
Event: 1.322 Loading class sun/reflect/generics/visitor/TypeTreeVisitor done
Event: 1.323 Loading class sun/reflect/generics/visitor/Reifier done
Event: 1.323 Loading class sun/reflect/generics/reflectiveObjects/ParameterizedTypeImpl
Event: 1.323 Loading class java/lang/reflect/ParameterizedType
Event: 1.323 Loading class java/lang/reflect/ParameterizedType done
Event: 1.323 Loading class sun/reflect/generics/reflectiveObjects/ParameterizedTypeImpl done
Event: 1.323 Loading class sun/reflect/generics/scope/ClassScope
Event: 1.323 Loading class sun/reflect/generics/scope/ClassScope done
Event: 1.323 Loading class sun/reflect/generics/repository/ClassRepository
Event: 1.323 Loading class sun/reflect/generics/repository/ClassRepository done
Event: 1.340 Loading class sun/reflect/generics/tree/ClassSignature

Classes unloaded (0 events):
No events

Classes redefined (0 events):
No events

Internal exceptions (6 events):
Event: 0.906 Thread 0x000002bfea0bf390 Exception <a 'java/lang/NoSuchMethodError'{0x00000000c685e7f8}: 'void java.lang.invoke.DirectMethodHandle$Holder.invokeStatic(java.lang.Object, java.lang.Object, java.lang.Object)'> (0x00000000c685e7f8) 
thrown [s\open\src\hotspot\share\interpreter\linkResolver.cpp, line 774]
Event: 0.921 Thread 0x000002bfea0bf390 Exception <a 'java/lang/NoSuchMethodError'{0x00000000c6876e08}: 'java.lang.Object java.lang.invoke.Invokers$Holder.invokeExact_MT(java.lang.Object, java.lang.Object, java.lang.Object, java.lang.Object, java.lang.Object)'> (0x00000000c6876e08) 
thrown [s\open\src\hotspot\share\interpreter\linkResolver.cpp, line 774]
Event: 1.028 Thread 0x000002bffd8817a0 Exception <a 'java/lang/NoSuchMethodError'{0x00000000c68994e0}: 'void java.lang.invoke.DirectMethodHandle$Holder.invokeStatic(java.lang.Object, java.lang.Object)'> (0x00000000c68994e0) 
thrown [s\open\src\hotspot\share\interpreter\linkResolver.cpp, line 774]
Event: 1.152 Thread 0x000002bfea0bf390 Exception <a 'java/lang/NoSuchMethodError'{0x00000000c68c5320}: 'java.lang.Object java.lang.invoke.DirectMethodHandle$Holder.invokeStaticInit(java.lang.Object)'> (0x00000000c68c5320) 
thrown [s\open\src\hotspot\share\interpreter\linkResolver.cpp, line 774]
Event: 1.267 Thread 0x000002bfea0bf390 Exception <a 'java/lang/NoSuchMethodError'{0x00000000c68db3c0}: 'int java.lang.invoke.DirectMethodHandle$Holder.invokeInterface(java.lang.Object, java.lang.Object)'> (0x00000000c68db3c0) 
thrown [s\open\src\hotspot\share\interpreter\linkResolver.cpp, line 774]
Event: 1.268 Thread 0x000002bfea0bf390 Exception <a 'java/lang/IncompatibleClassChangeError'{0x00000000c68de9c0}: Found class java.lang.Object, but interface was expected> (0x00000000c68de9c0) 
thrown [s\open\src\hotspot\share\interpreter\linkResolver.cpp, line 841]

VM Operations (4 events):
Event: 0.473 Executing VM operation: HandshakeAllThreads
Event: 0.481 Executing VM operation: HandshakeAllThreads done
Event: 0.971 Executing VM operation: HandshakeAllThreads
Event: 0.993 Executing VM operation: HandshakeAllThreads done

Events (12 events):
Event: 0.135 Thread 0x000002bfea0bf390 Thread added: 0x000002bfea0bf390
Event: 0.177 Thread 0x000002bff92bae70 Thread added: 0x000002bff92bae70
Event: 0.177 Thread 0x000002bff92bb9a0 Thread added: 0x000002bff92bb9a0
Event: 0.177 Thread 0x000002bff92be2e0 Thread added: 0x000002bff92be2e0
Event: 0.178 Thread 0x000002bff92bec10 Thread added: 0x000002bff92bec10
Event: 0.178 Thread 0x000002bff92bf540 Thread added: 0x000002bff92bf540
Event: 0.178 Thread 0x000002bff92c1e80 Thread added: 0x000002bff92c1e80
Event: 0.178 Thread 0x000002bff92c27b0 Thread added: 0x000002bff92c27b0
Event: 0.210 Thread 0x000002bff92f1af0 Thread added: 0x000002bff92f1af0
Event: 0.451 Thread 0x000002bffd5285a0 Thread added: 0x000002bffd5285a0
Event: 0.937 Thread 0x000002bffd8817a0 Thread added: 0x000002bffd8817a0
Event: 0.937 Thread 0x000002bffd883fd0 Thread added: 0x000002bffd883fd0


Dynamic libraries:
0x00007ff675380000 - 0x00007ff67538e000 	C:\Users\Owner\.jdks\openjdk-19.0.2\bin\java.exe
0x00007ff9032f0000 - 0x00007ff9034e5000 	C:\WINDOWS\SYSTEM32\ntdll.dll
0x00007ff9017f0000 - 0x00007ff9018ad000 	C:\WINDOWS\System32\KERNEL32.DLL
0x00007ff901070000 - 0x00007ff90133d000 	C:\WINDOWS\System32\KERNELBASE.dll
0x00007ff900bc0000 - 0x00007ff900cc0000 	C:\WINDOWS\System32\ucrtbase.dll
0x00007ff8ec710000 - 0x00007ff8ec727000 	C:\Users\Owner\.jdks\openjdk-19.0.2\bin\jli.dll
0x00007ff901400000 - 0x00007ff9015a0000 	C:\WINDOWS\System32\USER32.dll
0x00007ff900d80000 - 0x00007ff900da2000 	C:\WINDOWS\System32\win32u.dll
0x00007ff901680000 - 0x00007ff9016aa000 	C:\WINDOWS\System32\GDI32.dll
0x00007ff900ab0000 - 0x00007ff900bbb000 	C:\WINDOWS\System32\gdi32full.dll
0x00007ff900e70000 - 0x00007ff900f0d000 	C:\WINDOWS\System32\msvcp_win.dll
0x00007ff8ec6f0000 - 0x00007ff8ec70b000 	C:\Users\Owner\.jdks\openjdk-19.0.2\bin\VCRUNTIME140.dll
0x00007ff8edbf0000 - 0x00007ff8ede8a000 	C:\WINDOWS\WinSxS\amd64_microsoft.windows.common-controls_6595b64144ccf1df_6.0.19041.1110_none_60b5254171f9507e\COMCTL32.dll
0x00007ff902bd0000 - 0x00007ff902c6e000 	C:\WINDOWS\System32\msvcrt.dll
0x00007ff902da0000 - 0x00007ff902dd0000 	C:\WINDOWS\System32\IMM32.DLL
0x00007ff8eca80000 - 0x00007ff8eca8c000 	C:\Users\Owner\.jdks\openjdk-19.0.2\bin\vcruntime140_1.dll
0x00007ff8b1200000 - 0x00007ff8b128e000 	C:\Users\Owner\.jdks\openjdk-19.0.2\bin\msvcp140.dll
0x00007ff89ba50000 - 0x00007ff89c710000 	C:\Users\Owner\.jdks\openjdk-19.0.2\bin\server\jvm.dll
0x00007ff901340000 - 0x00007ff9013ee000 	C:\WINDOWS\System32\ADVAPI32.dll
0x00007ff902af0000 - 0x00007ff902b8c000 	C:\WINDOWS\System32\sechost.dll
0x00007ff902dd0000 - 0x00007ff902ef5000 	C:\WINDOWS\System32\RPCRT4.dll
0x00007ff8f9a70000 - 0x00007ff8f9a79000 	C:\WINDOWS\SYSTEM32\WSOCK32.dll
0x00007ff9018b0000 - 0x00007ff90191b000 	C:\WINDOWS\System32\WS2_32.dll
0x00007ff8e42b0000 - 0x00007ff8e42d7000 	C:\WINDOWS\SYSTEM32\WINMM.dll
0x00007ff8f8b90000 - 0x00007ff8f8b9a000 	C:\WINDOWS\SYSTEM32\VERSION.dll
0x00007ff8ff2e0000 - 0x00007ff8ff2f2000 	C:\WINDOWS\SYSTEM32\kernel.appcore.dll
0x00007ff8ec6e0000 - 0x00007ff8ec6ea000 	C:\Users\Owner\.jdks\openjdk-19.0.2\bin\jimage.dll
0x00007ff8fef50000 - 0x00007ff8ff134000 	C:\WINDOWS\SYSTEM32\DBGHELP.DLL
0x00007ff8e61d0000 - 0x00007ff8e61fc000 	C:\WINDOWS\SYSTEM32\dbgcore.DLL
0x00007ff900de0000 - 0x00007ff900e62000 	C:\WINDOWS\System32\bcryptPrimitives.dll
0x00007ff8fba50000 - 0x00007ff8fba5e000 	C:\Users\Owner\.jdks\openjdk-19.0.2\bin\instrument.dll
0x00007ff8ec6a0000 - 0x00007ff8ec6c6000 	C:\Users\Owner\.jdks\openjdk-19.0.2\bin\java.dll
0x00007ff8b0b70000 - 0x00007ff8b0c47000 	C:\Users\Owner\.jdks\openjdk-19.0.2\bin\jsvml.dll
0x00007ff902040000 - 0x00007ff902784000 	C:\WINDOWS\System32\SHELL32.dll
0x00007ff8fe680000 - 0x00007ff8fee14000 	C:\WINDOWS\SYSTEM32\windows.storage.dll
0x00007ff902790000 - 0x00007ff902ae4000 	C:\WINDOWS\System32\combase.dll
0x00007ff900390000 - 0x00007ff9003bc000 	C:\WINDOWS\SYSTEM32\Wldp.dll
0x00007ff9019f0000 - 0x00007ff901a9d000 	C:\WINDOWS\System32\SHCORE.dll
0x00007ff901620000 - 0x00007ff901675000 	C:\WINDOWS\System32\shlwapi.dll
0x00007ff900940000 - 0x00007ff90095f000 	C:\WINDOWS\SYSTEM32\profapi.dll
0x00007ff8d2620000 - 0x00007ff8d2638000 	C:\Users\Owner\.jdks\openjdk-19.0.2\bin\zip.dll
0x00007ff8e8b90000 - 0x00007ff8e8ba3000 	C:\Users\Owner\.jdks\openjdk-19.0.2\bin\net.dll
0x00007ff8ed490000 - 0x00007ff8ed59a000 	C:\WINDOWS\SYSTEM32\WINHTTP.dll
0x00007ff9000f0000 - 0x00007ff90015a000 	C:\WINDOWS\system32\mswsock.dll
0x00007ff8d2640000 - 0x00007ff8d2656000 	C:\Users\Owner\.jdks\openjdk-19.0.2\bin\nio.dll
0x00007ff8f9880000 - 0x00007ff8f989a000 	C:\Program Files\JetBrains\IntelliJ IDEA 2022.1.3\bin\breakgen64.dll
0x00007ff8f8560000 - 0x00007ff8f8568000 	C:\Users\Owner\.jdks\openjdk-19.0.2\bin\extnet.dll
0x00007ff8ffe20000 - 0x00007ff8ffeeb000 	C:\WINDOWS\SYSTEM32\DNSAPI.dll
0x00007ff8ffde0000 - 0x00007ff8ffe1b000 	C:\WINDOWS\SYSTEM32\IPHLPAPI.DLL
0x00007ff902bc0000 - 0x00007ff902bc8000 	C:\WINDOWS\System32\NSI.dll
0x00007ff8f47e0000 - 0x00007ff8f47ea000 	C:\Windows\System32\rasadhlp.dll
0x00007ff8ebb40000 - 0x00007ff8ebbc0000 	C:\WINDOWS\System32\fwpuclnt.dll
0x00007ff900db0000 - 0x00007ff900dd7000 	C:\WINDOWS\System32\bcrypt.dll
0x00007ff8fba20000 - 0x00007ff8fba2a000 	C:\Users\Owner\.jdks\openjdk-19.0.2\bin\management.dll
0x00007ff8fa590000 - 0x00007ff8fa59b000 	C:\Users\Owner\.jdks\openjdk-19.0.2\bin\management_ext.dll
0x00007ff9013f0000 - 0x00007ff9013f8000 	C:\WINDOWS\System32\PSAPI.DLL

dbghelp: loaded successfully - version: 4.0.5 - missing functions: none
symbol engine: initialized successfully - sym options: 0x614 - pdb path: .;C:\Users\Owner\.jdks\openjdk-19.0.2\bin;C:\WINDOWS\SYSTEM32;C:\WINDOWS\WinSxS\amd64_microsoft.windows.common-controls_6595b64144ccf1df_6.0.19041.1110_none_60b5254171f9507e;C:\Users\Owner\.jdks\openjdk-19.0.2\bin\server;C:\Program Files\JetBrains\IntelliJ IDEA 2022.1.3\bin

VM Arguments:
jvm_args: -XX:TieredStopAtLevel=1 -Xverify:none -Dspring.output.ansi.enabled=always -Dcom.sun.management.jmxremote -Dspring.jmx.enabled=true -Dspring.liveBeansView.mbeanDomain -Dspring.application.admin.enabled=true -javaagent:C:\Program Files\JetBrains\IntelliJ IDEA 2022.1.3\lib\idea_rt.jar=51016:C:\Program Files\JetBrains\IntelliJ IDEA 2022.1.3\bin -Dfile.encoding=UTF-8 
java_command: com.spring_boot_thymeleaf.SpringBootThymeleafApplication
java_class_path (initial): C:\Users\Owner\Downloads\Spring_boot_Thymeleaf\target\classes;C:\Users\Owner\.m2\repository\org\springframework\boot\spring-boot-starter-data-jpa\3.0.6\spring-boot-starter-data-jpa-3.0.6.jar;C:\Users\Owner\.m2\repository\org\springframework\boot\spring-boot-starter-aop\3.0.6\spring-boot-starter-aop-3.0.6.jar;C:\Users\Owner\.m2\repository\org\springframework\spring-aop\6.0.8\spring-aop-6.0.8.jar;C:\Users\Owner\.m2\repository\org\aspectj\aspectjweaver\1.9.19\aspectjweaver-1.9.19.jar;C:\Users\Owner\.m2\repository\org\springframework\boot\spring-boot-starter-jdbc\3.0.6\spring-boot-starter-jdbc-3.0.6.jar;C:\Users\Owner\.m2\repository\com\zaxxer\HikariCP\5.0.1\HikariCP-5.0.1.jar;C:\Users\Owner\.m2\repository\org\springframework\spring-jdbc\6.0.8\spring-jdbc-6.0.8.jar;C:\Users\Owner\.m2\repository\org\hibernate\orm\hibernate-core\6.1.7.Final\hibernate-core-6.1.7.Final.jar;C:\Users\Owner\.m2\repository\jakarta\persistence\jakarta.persistence-api\3.1.0\jakarta.persistence-api-3.1.0.jar;C:\Users\Owner\.m2\repository\jakarta\transaction\jakarta.transaction-api\2.0.1\jakarta.transaction-api-2.0.1.jar;C:\Users\Owner\.m2\repository\org\jboss\logging\jboss-logging\3.5.0.Final\jboss-logging-3.5.0.Final.jar;C:\Users\Owner\.m2\repository\org\hibernate\common\hibernate-commons-annotations\6.0.6.Final\hibernate-commons-annotations-6.0.6.Final.jar;C:\Users\Owner\.m2\repository\org\jboss\jandex\2.4.2.Final\jandex-2.4.2.Final.jar;C:\Users\Owner\.m2\repository\com\fasterxml\classmate\1.5.1\classmate-1.5.1.jar;C:\Users\Owner\.m2\repository\net\bytebuddy\byte-buddy\1.12.23\byte-buddy-1.12.23.jar;C:\Users\Owner\.m2\repository\org\glassfish\jaxb\jaxb-runtime\4.0.2\jaxb-runtime-4.0.2.jar;C:\Users\Owner\.m2\repository\org\glassfish\jaxb\jaxb-core\4.0.2\jaxb-core-4.0.2.jar;C:\Users\Owner\.m2\repository\org\eclipse\angus\angus-activation\2.0.0\angus-activation-2.0.0.jar;C:\Users\Owner\.m2\repository\org\glassfish\jaxb\txw2\4.0.2\txw2-4.0.2.jar;C:\Users\Owner\.m2\repository\com\sun\istack\istack-commons-runtime\4.1.1\istack-commons-runtime-4.1.1.jar;C:\Users\Owner\.m2\repository\jakarta\inject\jakarta.inject-api\2.0.0\jakarta.inject-api-2.0.0.jar;C:\Users\Owner\.m2\repository\org\antlr\antlr4-runtime\4.10.1\antlr4-runtime-4.10.1.jar;C:\Users\Owner\.m2\repository\org\springframework\data\spring-data-jpa\3.0.5\spring-data-jpa-3.0.5.jar;C:\Users\Owner\.m2\repository\org\springframework\data\spring-data-commons\3.0.5\spring-data-commons-3.0.5.jar;C:\Users\Owner\.m2\repository\org\springframework\spring-orm\6.0.8\spring-orm-6.0.8.jar;C:\Users\Owner\.m2\repository\org\springframework\spring-context\6.0.8\spring-context-6.0.8.jar;C:\Users\Owner\.m2\repository\org\springframework\spring-tx\6.0.8\spring-tx-6.0.8.jar;C:\Users\Owner\.m2\repository\org\springframework\spring-beans\6.0.8\spring-beans-6.0.8.jar;C:\Users\Owner\.m2\repository\jakarta\annotation\jakarta.annotation-api\2.1.1\jakarta.annotation-api-2.1.1.jar;C:\Users\Owner\.m2\repository\org\slf4j\slf4j-api\2.0.7\slf4j-api-2.0.7.jar;C:\Users\Owner\.m2\repository\org\springframework\spring-aspects\6.0.8\spring-aspects-6.0.8.jar;C:\Users\Owner\.m2\repository\org\springframework\boot\spring-boot-starter-thymeleaf\3.0.6\spring-boot-starter-thymeleaf-3.0.6.jar;C:\Users\Owner\.m2\repository\org\springframework\boot\spring-boot-starter\3.0.6\spring-boot-starter-3.0.6.jar;C:\Users\Owner\.m2\repository\org\springframework\boot\spring-boot-starter-logging\3.0.6\spring-boot-starter-logging-3.0.6.jar;C:\Users\Owner\.m2\repository\ch\qos\logback\logback-classic\1.4.7\logback-classic-1.4.7.jar;C:\Users\Owner\.m2\repository\ch\qos\logback\logback-core\1.4.7\logback-core-1.4.7.jar;C:\Users\Owner\.m2\repository\org\apache\logging\log4j\log4j-to-slf4j\2.19.0\log4j-to-slf4j-2.19.0.jar;C:\Users\Owner\.m2\repository\org\apache\logging\log4j\log4j-api\2.19.0\log4j-api-2.19.0.jar;C:\Users\Owner\.m2\repository\org\slf4j\jul-to-slf4j\2.0.7\jul-to-slf4j-2.0.7.jar;C:\Users\Owner\.m2\repository\org\yaml\snakeyaml\1.33\snakeyaml-1.33.jar;C:\Users\Owner\.m2\repository\org\thymeleaf\thymeleaf-spring6\3.1.1.RELEASE\thymeleaf-spring6-3.1.1.RELEASE.jar;C:\Users\Owner\.m2\repository\org\thymeleaf\thymeleaf\3.1.1.RELEASE\thymeleaf-3.1.1.RELEASE.jar;C:\Users\Owner\.m2\repository\org\attoparser\attoparser\2.0.6.RELEASE\attoparser-2.0.6.RELEASE.jar;C:\Users\Owner\.m2\repository\org\unbescape\unbescape\1.1.6.RELEASE\unbescape-1.1.6.RELEASE.jar;C:\Users\Owner\.m2\repository\org\springframework\boot\spring-boot-starter-web\3.0.6\spring-boot-starter-web-3.0.6.jar;C:\Users\Owner\.m2\repository\org\springframework\boot\spring-boot-starter-json\3.0.6\spring-boot-starter-json-3.0.6.jar;C:\Users\Owner\.m2\repository\com\fasterxml\jackson\core\jackson-databind\2.14.2\jackson-databind-2.14.2.jar;C:\Users\Owner\.m2\repository\com\fasterxml\jackson\core\jackson-annotations\2.14.2\jackson-annotations-2.14.2.jar;C:\Users\Owner\.m2\repository\com\fasterxml\jackson\core\jackson-core\2.14.2\jackson-core-2.14.2.jar;C:\Users\Owner\.m2\repository\com\fasterxml\jackson\datatype\jackson-datatype-jdk8\2.14.2\jackson-datatype-jdk8-2.14.2.jar;C:\Users\Owner\.m2\repository\com\fasterxml\jackson\datatype\jackson-datatype-jsr310\2.14.2\jackson-datatype-jsr310-2.14.2.jar;C:\Users\Owner\.m2\repository\com\fasterxml\jackson\module\jackson-module-parameter-names\2.14.2\jackson-module-parameter-names-2.14.2.jar;C:\Users\Owner\.m2\repository\org\springframework\boot\spring-boot-starter-tomcat\3.0.6\spring-boot-starter-tomcat-3.0.6.jar;C:\Users\Owner\.m2\repository\org\apache\tomcat\embed\tomcat-embed-core\10.1.8\tomcat-embed-core-10.1.8.jar;C:\Users\Owner\.m2\repository\org\apache\tomcat\embed\tomcat-embed-el\10.1.8\tomcat-embed-el-10.1.8.jar;C:\Users\Owner\.m2\repository\org\apache\tomcat\embed\tomcat-embed-websocket\10.1.8\tomcat-embed-websocket-10.1.8.jar;C:\Users\Owner\.m2\repository\org\springframework\spring-web\6.0.8\spring-web-6.0.8.jar;C:\Users\Owner\.m2\repository\io\micrometer\micrometer-observation\1.10.6\micrometer-observation-1.10.6.jar;C:\Users\Owner\.m2\repository\io\micrometer\micrometer-commons\1.10.6\micrometer-commons-1.10.6.jar;C:\Users\Owner\.m2\repository\org\springframework\spring-webmvc\6.0.8\spring-webmvc-6.0.8.jar;C:\Users\Owner\.m2\repository\org\springframework\spring-expression\6.0.8\spring-expression-6.0.8.jar;C:\Users\Owner\.m2\repository\org\springframework\boot\spring-boot-devtools\3.0.6\spring-boot-devtools-3.0.6.jar;C:\Users\Owner\.m2\repository\org\springframework\boot\spring-boot\3.0.6\spring-boot-3.0.6.jar;C:\Users\Owner\.m2\repository\org\springframework\boot\spring-boot-autoconfigure\3.0.6\spring-boot-autoconfigure-3.0.6.jar;C:\Users\Owner\.m2\repository\com\oracle\database\jdbc\ojdbc8\21.7.0.0\ojdbc8-21.7.0.0.jar;C:\Users\Owner\.m2\repository\jakarta\xml\bind\jakarta.xml.bind-api\4.0.0\jakarta.xml.bind-api-4.0.0.jar;C:\Users\Owner\.m2\repository\jakarta\activation\jakarta.activation-api\2.1.1\jakarta.activation-api-2.1.1.jar;C:\Users\Owner\.m2\repository\org\springframework\spring-core\6.0.8\spring-core-6.0.8.jar;C:\Users\Owner\.m2\repository\org\springframework\spring-jcl\6.0.8\spring-jcl-6.0.8.jar
Launcher Type: SUN_STANDARD

[Global flags]
     intx CICompilerCount                          = 2                                         {product} {ergonomic}
     uint ConcGCThreads                            = 1                                         {product} {ergonomic}
     uint G1ConcRefinementThreads                  = 2                                         {product} {ergonomic}
   size_t G1HeapRegionSize                         = 1048576                                   {product} {ergonomic}
    uintx GCDrainStackTargetSize                   = 64                                        {product} {ergonomic}
   size_t InitialHeapSize                          = 65011712                                  {product} {ergonomic}
     bool ManagementServer                         = true                                      {product} {command line}
   size_t MarkStackSize                            = 4194304                                   {product} {ergonomic}
   size_t MaxHeapSize                              = 1023410176                                {product} {ergonomic}
   size_t MaxNewSize                               = 613416960                                 {product} {ergonomic}
   size_t MinHeapDeltaBytes                        = 1048576                                   {product} {ergonomic}
   size_t MinHeapSize                              = 8388608                                   {product} {ergonomic}
    uintx NonProfiledCodeHeapSize                  = 0                                      {pd product} {ergonomic}
     bool ProfileInterpreter                       = false                                  {pd product} {command line}
    uintx ProfiledCodeHeapSize                     = 0                                      {pd product} {ergonomic}
   size_t SoftMaxHeapSize                          = 1023410176                             {manageable} {ergonomic}
     intx TieredStopAtLevel                        = 1                                         {product} {command line}
     bool UseCompressedClassPointers               = true                           {product lp64_product} {ergonomic}
     bool UseCompressedOops                        = true                           {product lp64_product} {ergonomic}
     bool UseG1GC                                  = true                                      {product} {ergonomic}
     bool UseLargePagesIndividualAllocation        = false                                  {pd product} {ergonomic}

Logging:
Log output configuration:
 #0: stdout all=warning uptime,level,tags foldmultilines=false
 #1: stderr all=off uptime,level,tags foldmultilines=false

Environment Variables:
PATH=C:\oraclexe\app\oracle\product\10.2.0\server\bin;C:\Program Files\Common Files\Oracle\Java\javapath;C:\WINDOWS\system32;C:\WINDOWS;C:\WINDOWS\System32\Wbem;C:\WINDOWS\System32\WindowsPowerShell\v1.0\;C:\WINDOWS\System32\OpenSSH\;C:\Program Files\Java\jdk-16\bin;C:\Program Files\Java\jdk-17\bin;C:\Program Files\Git\cmd;C:\Users\Owner\AppData\Local\Microsoft\WindowsApps;C:\Users\Owner\AppData\Local\JetBrains\IntelliJ IDEA Community Edition 2021.1\bin;;C:\ProgramData\Owner\GitHubDesktop\bin;C:\Users\Owner\AppData\Local\GitHubDesktop\bin;
USERNAME=Owner
OS=Windows_NT
PROCESSOR_IDENTIFIER=Intel64 Family 6 Model 122 Stepping 1, GenuineIntel
TMP=C:\Users\Owner\AppData\Local\Temp
TEMP=C:\Users\Owner\AppData\Local\Temp



---------------  S Y S T E M  ---------------

OS:
 Windows 10 , 64 bit Build 19041 (10.0.19041.1706)
OS uptime: 0 days 1:50 hours

CPU: total 2 (initial active 2) (2 cores per cpu, 1 threads per core) family 6 model 122 stepping 1 microcode 0x2e, cx8, cmov, fxsr, mmx, 3dnowpref, sse, sse2, sse3, ssse3, sse4.1, sse4.2, popcnt, tsc, tscinvbit, aes, erms, clmul, sha, clflush, clflushopt, rdtscp, rdpid

Memory: 4k page, system-wide physical 3902M (480M free)
TotalPageFile size 6763M (AvailPageFile size 3M)
current process WorkingSet (physical memory assigned to process): 41M, peak: 41M
current process commit charge ("private bytes"): 129M, peak: 129M

vm_info: OpenJDK 64-Bit Server VM (19.0.2+7-44) for windows-amd64 JRE (19.0.2+7-44), built on 2022-11-30T18:02:09Z by "mach5one" with MS VC++ 17.1 (VS2022)

END.
